[+] Containers:
 |- [+] Container: /Game/FirstPerson/Maps/FirstPersonMap
 |   |- [+] ActorDescs:
 |   |   |- Guid:057120CD45ACFB0F43B3928F1A96EBA9 BaseClass: NativeClass:/Script/Engine.StaticMeshActor Name:StaticMeshActor_UAID_98FA9BF5C0CDC96301_2040078081 Label:CubeGridToolOutput5 SpatiallyLoaded:1 Bounds:IsValid=true, Min=(X=2140.000 Y=3090.000 Z=300.000), Max=(X=2490.000 Y=3790.000 Z=750.000) RuntimeGrid:None EditorOnly:0 RuntimeOnly:0 HLODRelevant:0
 |   |   |- Guid:08E4049E4EBC85E52D4479A6B3E582C8 BaseClass: NativeClass:/Script/Engine.StaticMeshActor Name:StaticMeshActor_UAID_98FA9BF5C0CDCD6301_1669519795 Label:CubeGridToolOutput11 SpatiallyLoaded:1 Bounds:IsValid=true, Min=(X=378.750 Y=1360.000 Z=300.000), Max=(X=860.000 Y=1760.000 Z=1000.000) RuntimeGrid:None EditorOnly:0 RuntimeOnly:0 HLODRelevant:0
 |   |   |- Guid:09EB01FE4C96A434E7561793BD6770E5 BaseClass: NativeClass:/Script/Engine.StaticMeshActor Name:StaticMeshActor_22 Label:SM_QuarterCylinder5 SpatiallyLoaded:1 Bounds:IsValid=true, Min=(X=5040.000 Y=2800.000 Z=1150.000), Max=(X=5140.000 Y=2900.000 Z=1350.000) RuntimeGrid:None EditorOnly:0 RuntimeOnly:0 HLODRelevant:1 FolderPath:Block03 FolderGuid:0C5AB36945998C19C9EA9283402A8E02
 |   |   |- Guid:0EDB289B45CB7E0977A6DBA74201EE76 BaseClass: NativeClass:/Script/Engine.StaticMeshActor Name:StaticMeshActor_10 Label:SM_Cube6 SpatiallyLoaded:1 Bounds:IsValid=true, Min=(X=2588.433 Y=-2817.570 Z=-37.896), Max=(X=2688.433 Y=-1598.820 Z=612.104) RuntimeGrid:None EditorOnly:0 RuntimeOnly:0 HLODRelevant:1 FolderPath:Playground FolderGuid:6C02BB504B69D1F3D7A624B130C18E5B
 |   |   |- Guid:12D7C4A2486F3505C8B59C8E9E31B74D BaseClass: NativeClass:/Script/Engine.StaticMeshActor Name:StaticMeshActor_UAID_98FA9BF5C0CDA96301_1821334465 Label:Stairs2 SpatiallyLoaded:1 Bounds:IsValid=true, Min=(X=1000.000 Y=-1040.000 Z=0.000), Max=(X=1300.000 Y=-800.000 Z=300.000) RuntimeGrid:None EditorOnly:0 RuntimeOnly:0 HLODRelevant:0 FolderPath:stairs FolderGuid:9C298CD44520A7752E4210BD78219E3D
 |   |   |- Guid:1A2273924B2420A6F2BACC94CA2D4662 BaseClass: NativeClass:/Script/Engine.StaticMeshActor Name:StaticMeshActor_UAID_98FA9BF5C0CDB36301_1563461214 Label:SM_Cube32 SpatiallyLoaded:1 Bounds:IsValid=true, Min=(X=1815.000 Y=4550.000 Z=0.000), Max=(X=2040.000 Y=4650.000 Z=650.000) RuntimeGrid:None EditorOnly:0 RuntimeOnly:0 HLODRelevant:1 FolderPath:Playground FolderGuid:6C02BB504B69D1F3D7A624B130C18E5B
 |   |   |- Guid:1A39815241616A15488B6EAB2D78965C BaseClass: NativeClass:/Script/Engine.StaticMeshActor Name:StaticMeshActor_UAID_98FA9BF5C0CDCD6301_2140186798 Label:CubeGridToolOutput5 SpatiallyLoaded:1 Bounds:IsValid=true, Min=(X=990.000 Y=1970.000 Z=-250.000), Max=(X=1390.000 Y=2270.000 Z=0.000) RuntimeGrid:None EditorOnly:0 RuntimeOnly:0 HLODRelevant:0
 |   |   |- Guid:1A5E384143BC3FB08D279F843727BCBA BaseClass: NativeClass:/Script/Engine.StaticMeshActor Name:StaticMeshActor_UAID_98FA9BF5C0CDB26301_1605852031 Label:2nd+3rd half2 SpatiallyLoaded:1 Bounds:IsValid=true, Min=(X=-50.000 Y=1490.000 Z=-300.000), Max=(X=3050.000 Y=4540.000 Z=1300.000) RuntimeGrid:None EditorOnly:0 RuntimeOnly:0 HLODRelevant:0 FolderPath:main level  FolderGuid:51D05B424724A33EEA7E60BE7307267D
 |   |   |- Guid:1C2648DB49D838529921ABA0A8E6A74F BaseClass: NativeClass:/Script/Engine.StaticMeshActor Name:StaticMeshActor_UAID_98FA9BF5C0CDCE6301_1231300978 Label:CubeGridToolOutput9 SpatiallyLoaded:1 Bounds:IsValid=true, Min=(X=2030.000 Y=-90.000 Z=-250.000), Max=(X=2430.000 Y=210.000 Z=0.000) RuntimeGrid:None EditorOnly:0 RuntimeOnly:0 HLODRelevant:0
 |   |   |- Guid:1C9E27964F4B4C25B6D70D84579E43BE BaseClass: NativeClass:/Script/Engine.StaticMeshActor Name:StaticMeshActor_UAID_98FA9BF5C0CDCB6301_1187851437 Label:CubeGridToolOutput8 SpatiallyLoaded:1 Bounds:IsValid=true, Min=(X=3010.000 Y=-1550.000 Z=-250.000), Max=(X=3660.000 Y=3550.000 Z=1050.000) RuntimeGrid:None EditorOnly:0 RuntimeOnly:0 HLODRelevant:0
 |   |   |- Guid:1E04CC294E8D6348E47366B5ADA71EE9 BaseClass: NativeClass:/Script/Engine.StaticMeshActor Name:StaticMeshActor_23 Label:SM_Cube13 SpatiallyLoaded:1 Bounds:IsValid=true, Min=(X=5040.000 Y=2700.000 Z=1150.000), Max=(X=5140.000 Y=2800.000 Z=1350.000) RuntimeGrid:None EditorOnly:0 RuntimeOnly:0 HLODRelevant:1 FolderPath:Block03 FolderGuid:0C5AB36945998C19C9EA9283402A8E02
 |   |   |- Guid:21262252453B37957EF29F82ABA2413B BaseClass: NativeClass:/Script/Engine.TextRenderActor Name:TextRenderActor_1 Label:TextRenderActor SpatiallyLoaded:1 Bounds:IsValid=true, Min=(X=-0.100 Y=1100.000 Z=65.013), Max=(X=-0.100 Y=2363.461 Z=215.013) RuntimeGrid:None EditorOnly:0 RuntimeOnly:0 HLODRelevant:0
 |   |   |- Guid:27FA24654B1269D1A493DFA128C546AE BaseClass: NativeClass:/Script/Engine.StaticMeshActor Name:StaticMeshActor_UAID_98FA9BF5C0CDCE6301_1192329977 Label:CubeGridToolOutput8 SpatiallyLoaded:1 Bounds:IsValid=true, Min=(X=2370.000 Y=690.000 Z=-250.000), Max=(X=2620.000 Y=840.000 Z=250.000) RuntimeGrid:None EditorOnly:0 RuntimeOnly:0 HLODRelevant:0
 |   |   |- Guid:28BB5CAF4EEE2980269D3AA5E5B4DDB8 BaseClass: NativeClass:/Script/Engine.StaticMeshActor Name:StaticMeshActor_UAID_98FA9BF5C0CDC66301_1385778558 Label:CubeGridToolOutput3 SpatiallyLoaded:1 Bounds:IsValid=true, Min=(X=450.000 Y=0.000 Z=250.000), Max=(X=2500.000 Y=3000.000 Z=300.000) RuntimeGrid:None EditorOnly:0 RuntimeOnly:0 HLODRelevant:0
 |   |   |- Guid:34FDE3EC4B0847E27D8D58A94FA6C441 BaseClass: NativeClass:/Script/Engine.StaticMeshActor Name:StaticMeshActor_UAID_98FA9BF5C0CDCD6301_1956084796 Label:CubeGridToolOutput SpatiallyLoaded:1 Bounds:IsValid=true, Min=(X=650.000 Y=280.000 Z=-250.000), Max=(X=900.000 Y=430.000 Z=250.000) RuntimeGrid:None EditorOnly:0 RuntimeOnly:0 HLODRelevant:0
 |   |   |- Guid:35A0C3344CDA5AA8A0AD41853299D3EE BaseClass: NativeClass:/Script/Engine.StaticMeshActor Name:StaticMeshActor_32 Label:SM_QuarterCylinder8 SpatiallyLoaded:1 Bounds:IsValid=true, Min=(X=5740.000 Y=2600.000 Z=1150.000), Max=(X=5840.000 Y=2700.000 Z=1350.000) RuntimeGrid:None EditorOnly:0 RuntimeOnly:0 HLODRelevant:1 FolderPath:Block03 FolderGuid:0C5AB36945998C19C9EA9283402A8E02
 |   |   |- Guid:3FE3BE7C4D61995BA37EFAB468F6912D BaseClass: NativeClass:/Script/Engine.StaticMeshActor Name:StaticMeshActor_UAID_98FA9BF5C0CDC96301_1433078080 Label:Stairs8 SpatiallyLoaded:1 Bounds:IsValid=true, Min=(X=995.000 Y=995.000 Z=-260.000), Max=(X=1445.000 Y=1145.000 Z=302.500) RuntimeGrid:None EditorOnly:0 RuntimeOnly:0 HLODRelevant:0
 |   |   |- Guid:3FFF9A6340A269C45740C7BCDB5D7C81 BaseClass: NativeClass:/Script/Engine.StaticMeshActor Name:StaticMeshActor_UAID_98FA9BF5C0CDCD6301_2005978797 Label:CubeGridToolOutput2 SpatiallyLoaded:1 Bounds:IsValid=true, Min=(X=2040.000 Y=2520.000 Z=-250.000), Max=(X=2290.000 Y=2670.000 Z=250.000) RuntimeGrid:None EditorOnly:0 RuntimeOnly:0 HLODRelevant:0
 |   |   |- Guid:4E83C2C346A86B6AB2777C8B007B9472 BaseClass: NativeClass:/Script/Engine.StaticMeshActor Name:StaticMeshActor_UAID_98FA9BF5C0CD776301_1720966663 Label:SM_Cube27 SpatiallyLoaded:1 Bounds:IsValid=true, Min=(X=1460.000 Y=-1640.000 Z=0.000), Max=(X=1803.750 Y=-1540.000 Z=650.000) RuntimeGrid:None EditorOnly:0 RuntimeOnly:0 HLODRelevant:1 FolderPath:Playground FolderGuid:6C02BB504B69D1F3D7A624B130C18E5B
 |   |   |- Guid:5253882148B18E56A4EC429DEF997ED8 BaseClass: NativeClass:/Script/Engine.StaticMeshActor Name:StaticMeshActor_UAID_98FA9BF5C0CDB36301_1563457209 Label:SM_Cube30 SpatiallyLoaded:1 Bounds:IsValid=true, Min=(X=1196.875 Y=4550.000 Z=0.000), Max=(X=1500.000 Y=4650.000 Z=650.000) RuntimeGrid:None EditorOnly:0 RuntimeOnly:0 HLODRelevant:1 FolderPath:Playground FolderGuid:6C02BB504B69D1F3D7A624B130C18E5B
 |   |   |- Guid:5DD8B8CA4849B6B7632FAF89FA883C99 BaseClass: NativeClass:/Script/Engine.StaticMeshActor Name:StaticMeshActor_UAID_98FA9BF5C0CDC96301_1359628079 Label:Stairs SpatiallyLoaded:1 Bounds:IsValid=true, Min=(X=1565.000 Y=1845.000 Z=-260.000), Max=(X=2015.000 Y=1995.000 Z=302.500) RuntimeGrid:None EditorOnly:0 RuntimeOnly:0 HLODRelevant:0
 |   |   |- Guid:5E4DD6E0404B2561C1B9E1BEB86829DF BaseClass: NativeClass:/Script/Engine.StaticMeshActor Name:StaticMeshActor_UAID_98FA9BF5C0CDA66301_1307236928 Label:Respwan area+entry 1 SpatiallyLoaded:1 Bounds:IsValid=true, Min=(X=-650.000 Y=-3400.000 Z=-50.000), Max=(X=3200.000 Y=-840.000 Z=0.000) RuntimeGrid:None EditorOnly:0 RuntimeOnly:0 HLODRelevant:0 FolderPath:main level  FolderGuid:51D05B424724A33EEA7E60BE7307267D
 |   |   |- Guid:5F5F61E8485626C2E11444A275E53585 BaseClass: NativeClass:/Script/Engine.StaticMeshActor Name:StaticMeshActor_6 Label:SM_Ramp2 SpatiallyLoaded:1 Bounds:IsValid=true, Min=(X=-695.000 Y=-550.000 Z=0.000), Max=(X=-95.000 Y=300.000 Z=300.000) RuntimeGrid:None EditorOnly:0 RuntimeOnly:0 HLODRelevant:1 FolderPath:stairs FolderGuid:9C298CD44520A7752E4210BD78219E3D
 |   |   |- Guid:5FE7584649BB6F09265329A6C57CFD0D BaseClass: NativeClass:/Script/Engine.VolumetricCloud Name:VolumetricCloud_0 Label:VolumetricCloud SpatiallyLoaded:0 Bounds:IsValid=true, Min=(X=0.000 Y=0.000 Z=820.000), Max=(X=0.000 Y=0.000 Z=820.000) RuntimeGrid:None EditorOnly:0 RuntimeOnly:0 HLODRelevant:0 FolderPath:Lighting FolderGuid:0BA5F0A04EADB18E70D5B180D08FA34B
 |   |   |- Guid:613463E14FA9DC22C14C139BEB0F2C0D BaseClass: NativeClass:/Script/Engine.StaticMeshActor Name:StaticMeshActor_UAID_98FA9BF5C0CDC46301_1392332202 Label:Stairs6 SpatiallyLoaded:1 Bounds:IsValid=true, Min=(X=2548.437 Y=3447.500 Z=-270.000), Max=(X=2951.563 Y=3852.500 Z=0.000) RuntimeGrid:None EditorOnly:0 RuntimeOnly:0 HLODRelevant:0 FolderPath:stairs FolderGuid:9C298CD44520A7752E4210BD78219E3D
 |   |   |- Guid:61391D344900612A77DFC3BA3E354907 BaseClass: NativeClass:/Script/Engine.ExponentialHeightFog Name:ExponentialHeightFog_0 Label:ExponentialHeightFog SpatiallyLoaded:0 Bounds:IsValid=true, Min=(X=-5600.000 Y=-50.000 Z=-6850.000), Max=(X=-5600.000 Y=-50.000 Z=-6850.000) RuntimeGrid:None EditorOnly:0 RuntimeOnly:0 HLODRelevant:0 FolderPath:Lighting FolderGuid:0BA5F0A04EADB18E70D5B180D08FA34B
 |   |   |- Guid:6198DFE04D11BDEAC638CA8D1AA15F56 BaseClass: NativeClass:/Script/Engine.StaticMeshActor Name:StaticMeshActor_21 Label:SM_QuarterCylinder4 SpatiallyLoaded:1 Bounds:IsValid=true, Min=(X=5040.000 Y=2600.000 Z=1150.000), Max=(X=5140.000 Y=2700.000 Z=1350.000) RuntimeGrid:None EditorOnly:0 RuntimeOnly:0 HLODRelevant:1 FolderPath:Block03 FolderGuid:0C5AB36945998C19C9EA9283402A8E02
 |   |   |- Guid:679C81E04A140CA2556CDE986D56CFE9 BaseClass: NativeClass:/Script/Engine.StaticMeshActor Name:StaticMeshActor_UAID_98FA9BF5C0CDB26301_2014855032 Label:2nd main2 SpatiallyLoaded:1 Bounds:IsValid=true, Min=(X=2450.000 Y=-50.000 Z=-100.000), Max=(X=3650.000 Y=3900.000 Z=1300.000) RuntimeGrid:None EditorOnly:0 RuntimeOnly:0 HLODRelevant:0 FolderPath:main level  FolderGuid:51D05B424724A33EEA7E60BE7307267D
 |   |   |- Guid:6B92B5A6431FB13F494D568A33BADAFA BaseClass: NativeClass:/Script/Engine.StaticMeshActor Name:StaticMeshActor_UAID_98FA9BF5C0CDAA6301_1655926643 Label:Stairs3 SpatiallyLoaded:1 Bounds:IsValid=true, Min=(X=-1.563 Y=-852.500 Z=-270.000), Max=(X=401.563 Y=-447.500 Z=0.000) RuntimeGrid:None EditorOnly:0 RuntimeOnly:0 HLODRelevant:0 FolderPath:stairs FolderGuid:9C298CD44520A7752E4210BD78219E3D
 |   |   |- Guid:6FEFB3BD4EB37B849EF0D4AC80F83855 BaseClass: NativeClass:/Script/Engine.WorldDataLayers Name:WorldDataLayers Label:WorldDataLayers SpatiallyLoaded:0 Bounds:IsValid=true, Min=(X=0.000 Y=0.000 Z=0.000), Max=(X=0.000 Y=0.000 Z=0.000) RuntimeGrid:None EditorOnly:0 RuntimeOnly:0 HLODRelevant:0
 |   |   |- Guid:76D1458544E267EC222108A3214AAFFB BaseClass: NativeClass:/Script/Engine.StaticMeshActor Name:StaticMeshActor_UAID_98FA9BF5C0CD776301_1689908662 Label:SM_Cube26 SpatiallyLoaded:1 Bounds:IsValid=true, Min=(X=2100.000 Y=-1600.000 Z=0.000), Max=(X=2750.000 Y=-1500.000 Z=650.000) RuntimeGrid:None EditorOnly:0 RuntimeOnly:0 HLODRelevant:1 FolderPath:Playground FolderGuid:6C02BB504B69D1F3D7A624B130C18E5B
 |   |   |- Guid:7AFEB06C462DE12E8130D8A91B59AE58 BaseClass: NativeClass:/Script/Engine.StaticMeshActor Name:StaticMeshActor_UAID_98FA9BF5C0CDCB6301_1632661438 Label:CubeGridToolOutput SpatiallyLoaded:1 Bounds:IsValid=true, Min=(X=1300.000 Y=1600.000 Z=300.000), Max=(X=1700.000 Y=1850.000 Z=500.000) RuntimeGrid:None EditorOnly:0 RuntimeOnly:0 HLODRelevant:0
 |   |   |- Guid:7C166F1A47FAB654180D14A9B0524695 BaseClass: NativeClass:/Script/Engine.StaticMeshActor Name:StaticMeshActor_UAID_98FA9BF5C0CDAA6301_1113794642 Label:SM_Cube28 SpatiallyLoaded:1 Bounds:IsValid=true, Min=(X=920.000 Y=-1640.000 Z=0.000), Max=(X=1145.000 Y=-1540.000 Z=650.000) RuntimeGrid:None EditorOnly:0 RuntimeOnly:0 HLODRelevant:1 FolderPath:Playground FolderGuid:6C02BB504B69D1F3D7A624B130C18E5B
 |   |   |- Guid:7C25C89346DA6501B62FD19DD21D6446 BaseClass: NativeClass:/Script/Engine.StaticMeshActor Name:StaticMeshActor_UAID_98FA9BF5C0CDB36301_1563460213 Label:SM_Cube22 SpatiallyLoaded:1 Bounds:IsValid=true, Min=(X=2581.567 Y=4647.570 Z=-37.896), Max=(X=2681.567 Y=5847.570 Z=612.104) RuntimeGrid:None EditorOnly:0 RuntimeOnly:0 HLODRelevant:1 FolderPath:Playground FolderGuid:6C02BB504B69D1F3D7A624B130C18E5B
 |   |   |- Guid:7D62CD3D479BFB8CD19B998D77A9BF5D BaseClass: NativeClass:/Script/Engine.StaticMeshActor Name:StaticMeshActor_33 Label:SM_Cube14 SpatiallyLoaded:1 Bounds:IsValid=true, Min=(X=5740.000 Y=2700.000 Z=1150.000), Max=(X=5840.000 Y=2800.000 Z=1350.000) RuntimeGrid:None EditorOnly:0 RuntimeOnly:0 HLODRelevant:1 FolderPath:Block03 FolderGuid:0C5AB36945998C19C9EA9283402A8E02
 |   |   |- Guid:87DD00754E2413F17F0DC082AF81EFDE BaseClass: NativeClass:/Script/Engine.StaticMeshActor Name:StaticMeshActor_UAID_98FA9BF5C0CDCD6301_1668172794 Label:CubeGridToolOutput10 SpatiallyLoaded:1 Bounds:IsValid=true, Min=(X=2020.000 Y=1240.000 Z=300.000), Max=(X=2501.250 Y=1640.000 Z=1000.000) RuntimeGrid:None EditorOnly:0 RuntimeOnly:0 HLODRelevant:0
 |   |   |- Guid:8E8A107F4F190EE92D8C6880DE7E2403 BaseClass: NativeClass:/Script/Engine.StaticMeshActor Name:StaticMeshActor_UAID_98FA9BF5C0CDB36301_1563458210 Label:SM_Cube21 SpatiallyLoaded:1 Bounds:IsValid=true, Min=(X=270.000 Y=5840.000 Z=0.000), Max=(X=2720.000 Y=5940.000 Z=650.000) RuntimeGrid:None EditorOnly:0 RuntimeOnly:0 HLODRelevant:1 FolderPath:Playground FolderGuid:6C02BB504B69D1F3D7A624B130C18E5B
 |   |   |- Guid:9113F8E145024B04FA641FA2F73C7DA1 BaseClass: NativeClass:/Script/Engine.StaticMeshActor Name:StaticMeshActor_UAID_98FA9BF5C0CDCA6301_1605722259 Label:CubeGridToolOutput2 SpatiallyLoaded:1 Bounds:IsValid=true, Min=(X=-100.000 Y=1750.000 Z=300.000), Max=(X=400.000 Y=2300.000 Z=1000.000) RuntimeGrid:None EditorOnly:0 RuntimeOnly:0 HLODRelevant:0
 |   |   |- Guid:92B3F9C347C268347AA620AA591B7483 BaseClass: NativeClass:/Script/Engine.StaticMeshActor Name:StaticMeshActor_31 Label:SM_QuarterCylinder7 SpatiallyLoaded:1 Bounds:IsValid=true, Min=(X=5740.000 Y=2800.000 Z=1150.000), Max=(X=5840.000 Y=2900.000 Z=1350.000) RuntimeGrid:None EditorOnly:0 RuntimeOnly:0 HLODRelevant:1 FolderPath:Block03 FolderGuid:0C5AB36945998C19C9EA9283402A8E02
 |   |   |- Guid:93B252C14BF9CD6041C7018B09864638 BaseClass: NativeClass:/Script/Engine.StaticMeshActor Name:StaticMeshActor_UAID_98FA9BF5C0CDAA6301_1994676644 Label:2nd main SpatiallyLoaded:1 Bounds:IsValid=true, Min=(X=-700.000 Y=-900.000 Z=-100.000), Max=(X=500.000 Y=3050.000 Z=1300.000) RuntimeGrid:None EditorOnly:0 RuntimeOnly:0 HLODRelevant:0 FolderPath:main level  FolderGuid:51D05B424724A33EEA7E60BE7307267D
 |   |   |- Guid:961B0C23479DB55F8BA4B8AB587CA167 BaseClass: NativeClass:/Script/Engine.StaticMeshActor Name:StaticMeshActor_UAID_98FA9BF5C0CDA66301_1841727929 Label:hallway SpatiallyLoaded:1 Bounds:IsValid=true, Min=(X=2400.000 Y=-700.000 Z=250.000), Max=(X=3000.000 Y=700.000 Z=1000.000) RuntimeGrid:None EditorOnly:0 RuntimeOnly:0 HLODRelevant:0 FolderPath:main level  FolderGuid:51D05B424724A33EEA7E60BE7307267D
 |   |   |- Guid:9DC439ED448C37589E435FB9BE76DA73 BaseClass: NativeClass:/Script/Engine.StaticMeshActor Name:StaticMeshActor_UAID_98FA9BF5C0CDC26301_1461624847 Label:hallway2 SpatiallyLoaded:1 Bounds:IsValid=true, Min=(X=-50.000 Y=2290.000 Z=250.000), Max=(X=550.000 Y=3690.000 Z=1000.000) RuntimeGrid:None EditorOnly:0 RuntimeOnly:0 HLODRelevant:0 FolderPath:main FolderGuid:4D5375E14B4E590ACFAA96AC075001ED
 |   |   |- Guid:9FF3518B4D93E20AC5F254ABA469F140 BaseClass: NativeClass:/Script/Engine.StaticMeshActor Name:StaticMeshActor_UAID_98FA9BF5C0CDA66301_1157562926 Label:2nd+3rd half SpatiallyLoaded:1 Bounds:IsValid=true, Min=(X=-100.000 Y=-1550.000 Z=-300.000), Max=(X=3000.000 Y=1500.000 Z=1300.000) RuntimeGrid:None EditorOnly:0 RuntimeOnly:0 HLODRelevant:0 FolderPath:main level  FolderGuid:51D05B424724A33EEA7E60BE7307267D
 |   |   |- Guid:A0085CED4723B0F3A6A0B9852AAF7B72 BaseClass: NativeClass:/Script/Engine.StaticMeshActor Name:StaticMeshActor_UAID_98FA9BF5C0CDCE6301_1250016979 Label:CubeGridToolOutput12 SpatiallyLoaded:1 Bounds:IsValid=true, Min=(X=170.000 Y=2790.000 Z=-250.000), Max=(X=570.000 Y=3090.000 Z=0.000) RuntimeGrid:None EditorOnly:0 RuntimeOnly:0 HLODRelevant:0
 |   |   |- Guid:A354B1B24E617A525DC6B48CCDE2417E BaseClass: NativeClass:/Script/Engine.PlayerStart Name:PlayerStart_0 Label:PlayerStart SpatiallyLoaded:0 Bounds:IsValid=true, Min=(X=880.000 Y=-2390.000 Z=0.000), Max=(X=960.000 Y=-2310.000 Z=184.000) RuntimeGrid:None EditorOnly:0 RuntimeOnly:0 HLODRelevant:0
 |   |   |- Guid:B4B79A3843F8C09301E1F99BDF616576 BaseClass: NativeClass:/Script/Engine.StaticMeshActor Name:StaticMeshActor_41 Label:SM_Ramp4 SpatiallyLoaded:1 Bounds:IsValid=true, Min=(X=-1920.000 Y=1500.000 Z=790.000), Max=(X=-820.000 Y=1600.000 Z=990.000) RuntimeGrid:None EditorOnly:0 RuntimeOnly:0 HLODRelevant:1 FolderPath:Block04 FolderGuid:D00C3F324D055BED943FA6B0235C7FA2
 |   |   |- Guid:B766AC814E05E7E57C52249FCDA5339E BaseClass: NativeClass:/Script/Engine.StaticMeshActor Name:StaticMeshActor_UAID_98FA9BF5C0CDB36301_1563455208 Label:SM_Cube29 SpatiallyLoaded:1 Bounds:IsValid=true, Min=(X=2336.875 Y=4550.000 Z=0.000), Max=(X=2940.000 Y=4650.000 Z=650.000) RuntimeGrid:None EditorOnly:0 RuntimeOnly:0 HLODRelevant:1 FolderPath:Playground FolderGuid:6C02BB504B69D1F3D7A624B130C18E5B
 |   |   |- Guid:BE0E742344D69F3BE6883B9546BAE667 BaseClass: NativeClass:/Script/Engine.StaticMeshActor Name:StaticMeshActor_UAID_98FA9BF5C0CDCA6301_1850758260 Label:CubeGridToolOutput7 SpatiallyLoaded:1 Bounds:IsValid=true, Min=(X=2510.000 Y=700.000 Z=300.000), Max=(X=3010.000 Y=1250.000 Z=1000.000) RuntimeGrid:None EditorOnly:0 RuntimeOnly:0 HLODRelevant:0
 |   |   |- Guid:BF4AB80340F22D1856BA32AEA42D55CE BaseClass: NativeClass:/Script/Engine.StaticMeshActor Name:StaticMeshActor_UAID_98FA9BF5C0CDCB6301_1654294439 Label:CubeGridToolOutput9 SpatiallyLoaded:1 Bounds:IsValid=true, Min=(X=1000.000 Y=1150.000 Z=300.000), Max=(X=1400.000 Y=1400.000 Z=500.000) RuntimeGrid:None EditorOnly:0 RuntimeOnly:0 HLODRelevant:0
 |   |   |- Guid:C00E321D4A8F05B7BE79C3868C09AFCD BaseClass: NativeClass:/Script/Engine.StaticMeshActor Name:StaticMeshActor_UAID_98FA9BF5C0CDCE6301_1153868976 Label:CubeGridToolOutput7 SpatiallyLoaded:1 Bounds:IsValid=true, Min=(X=380.000 Y=1300.000 Z=-250.000), Max=(X=630.000 Y=1450.000 Z=250.000) RuntimeGrid:None EditorOnly:0 RuntimeOnly:0 HLODRelevant:0
 |   |   |- Guid:C22CE07C4B87D685137FDBBC10FC92C6 BaseClass: NativeClass:/Script/Engine.SkyAtmosphere Name:SkyAtmosphere_0 Label:SkyAtmosphere SpatiallyLoaded:0 Bounds:IsValid=true, Min=(X=0.000 Y=0.000 Z=1020.000), Max=(X=0.000 Y=0.000 Z=1020.000) RuntimeGrid:None EditorOnly:0 RuntimeOnly:0 HLODRelevant:0 FolderPath:Lighting FolderGuid:0BA5F0A04EADB18E70D5B180D08FA34B
 |   |   |- Guid:C32AE4DE4D7967D1B19C8492D9C4AA36 BaseClass: NativeClass:/Script/Engine.StaticMeshActor Name:StaticMeshActor_16 Label:SM_Cube11 SpatiallyLoaded:1 Bounds:IsValid=true, Min=(X=5140.000 Y=2600.000 Z=1150.000), Max=(X=5740.000 Y=2900.000 Z=1350.000) RuntimeGrid:None EditorOnly:0 RuntimeOnly:0 HLODRelevant:1 FolderPath:Block03 FolderGuid:0C5AB36945998C19C9EA9283402A8E02
 |   |   |- Guid:C4570F7547E76A107975D084F2FD931D BaseClass: NativeClass:/Script/Engine.StaticMeshActor Name:StaticMeshActor_UAID_98FA9BF5C0CDCA6301_1308236258 Label:CubeGridToolOutput6 SpatiallyLoaded:1 Bounds:IsValid=true, Min=(X=-700.000 Y=-1050.000 Z=-250.000), Max=(X=-50.000 Y=4050.000 Z=1050.000) RuntimeGrid:None EditorOnly:0 RuntimeOnly:0 HLODRelevant:0
 |   |   |- Guid:CA7E5BA146692A0FB20631A7711BF19C BaseClass: NativeClass:/Script/Engine.StaticMeshActor Name:StaticMeshActor_UAID_98FA9BF5C0CDB36301_1355524207 Label:Respwan area+entry 2 SpatiallyLoaded:1 Bounds:IsValid=true, Min=(X=-300.000 Y=3840.000 Z=-50.000), Max=(X=3550.000 Y=6400.000 Z=0.000) RuntimeGrid:None EditorOnly:0 RuntimeOnly:0 HLODRelevant:0 FolderPath:main FolderGuid:4D5375E14B4E590ACFAA96AC075001ED
 |   |   |- Guid:CE576EE842F995A9D4F1D19632F3B77F BaseClass: NativeClass:/Script/Engine.StaticMeshActor Name:StaticMeshActor_UAID_98FA9BF5C0CDAC6301_2060378999 Label:Stairs4 SpatiallyLoaded:1 Bounds:IsValid=true, Min=(X=1140.625 Y=-2333.457 Z=-5.543), Max=(X=1459.375 Y=-1463.739 Z=719.296) RuntimeGrid:None EditorOnly:0 RuntimeOnly:0 HLODRelevant:0 FolderPath:stairs FolderGuid:9C298CD44520A7752E4210BD78219E3D
 |   |   |- Guid:D38690444383C11A42A1D8B13776B6B6 BaseClass: NativeClass:/Script/Engine.StaticMeshActor Name:StaticMeshActor_UAID_98FA9BF5C0CD776301_1632906661 Label:SM_Cube25 SpatiallyLoaded:1 Bounds:IsValid=true, Min=(X=20.000 Y=-1640.000 Z=0.000), Max=(X=695.000 Y=-1540.000 Z=650.000) RuntimeGrid:None EditorOnly:0 RuntimeOnly:0 HLODRelevant:1 FolderPath:Playground FolderGuid:6C02BB504B69D1F3D7A624B130C18E5B
 |   |   |- Guid:DD1CFEFE4099E55F26EC979CEFB5237A BaseClass: NativeClass:/Script/Engine.StaticMeshActor Name:StaticMeshActor_UAID_98FA9BF5C0CD7A6301_1103579177 Label:StaticMeshActor SpatiallyLoaded:1 Bounds:IsValid=true, Min=(X=3090.000 Y=-390.000 Z=700.000), Max=(X=3090.000 Y=-390.000 Z=700.000) RuntimeGrid:None EditorOnly:0 RuntimeOnly:0 HLODRelevant:0
 |   |   |- Guid:E5320C1B4FD9764CE7B54D8487AEC613 BaseClass: NativeClass:/Script/Engine.SkyLight Name:SkyLight_0 Label:SkyLight SpatiallyLoaded:0 Bounds:IsValid=true, Min=(X=0.000 Y=0.000 Z=690.000), Max=(X=0.000 Y=0.000 Z=690.000) RuntimeGrid:None EditorOnly:0 RuntimeOnly:0 HLODRelevant:0 FolderPath:Lighting FolderGuid:0BA5F0A04EADB18E70D5B180D08FA34B
 |   |   |- Guid:E638EEAF4B7A00325D5C42B563E353B5 BaseClass: NativeClass:/Script/Engine.StaticMeshActor Name:StaticMeshActor_UAID_98FA9BF5C0CDCE6301_1080154975 Label:CubeGridToolOutput6 SpatiallyLoaded:1 Bounds:IsValid=true, Min=(X=1510.000 Y=870.000 Z=-250.000), Max=(X=1910.000 Y=1170.000 Z=0.000) RuntimeGrid:None EditorOnly:0 RuntimeOnly:0 HLODRelevant:0
 |   |   |- Guid:E8C0736F4FDEB31BA3D9AAA46A34B41F BaseClass: NativeClass:/Script/Engine.StaticMeshActor Name:StaticMeshActor_UAID_98FA9BF5C0CD766301_1833777475 Label:SM_Cube17 SpatiallyLoaded:1 Bounds:IsValid=true, Min=(X=240.000 Y=-2930.000 Z=0.000), Max=(X=2690.000 Y=-2830.000 Z=650.000) RuntimeGrid:None EditorOnly:0 RuntimeOnly:0 HLODRelevant:1 FolderPath:Playground FolderGuid:6C02BB504B69D1F3D7A624B130C18E5B
 |   |   |- Guid:EC0830684F5CCE03807B45AE63E5E668 BaseClass: NativeClass:/Script/Engine.StaticMeshActor Name:StaticMeshActor_UAID_98FA9BF5C0CD776301_1602547660 Label:SM_Cube18 SpatiallyLoaded:1 Bounds:IsValid=true, Min=(X=278.433 Y=-2837.570 Z=-37.896), Max=(X=378.433 Y=-1637.570 Z=612.104) RuntimeGrid:None EditorOnly:0 RuntimeOnly:0 HLODRelevant:1 FolderPath:Playground FolderGuid:6C02BB504B69D1F3D7A624B130C18E5B
 |   |   |- Guid:EE66F4454A4A9F99393F559AB739C05E BaseClass:/Game/FirstPerson/Blueprints/BP_Pickup_Rifle.BP_Pickup_Rifle_C NativeClass:/Script/Engine.Actor Name:BP_Rifle_C_1 Label:BP_Pickup_Rifle SpatiallyLoaded:1 Bounds:IsValid=true, Min=(X=1608.000 Y=-2532.000 Z=64.000), Max=(X=1672.000 Y=-2442.560 Z=128.000) RuntimeGrid:None EditorOnly:0 RuntimeOnly:0 HLODRelevant:0
 |   |   |- Guid:F0A1A51645DE83740D9240AD7D2B74F7 BaseClass: NativeClass:/Script/Engine.StaticMeshActor Name:StaticMeshActor_UAID_98FA9BF5C0CDC76301_1530117735 Label:CubeGridToolOutput4 SpatiallyLoaded:1 Bounds:IsValid=true, Min=(X=450.000 Y=-800.000 Z=300.000), Max=(X=800.000 Y=-100.000 Z=750.000) RuntimeGrid:None EditorOnly:0 RuntimeOnly:0 HLODRelevant:0
 |   |   |- Guid:F4F732044ADEA063A6CB22A75F4CF4E2 BaseClass: NativeClass:/Script/Engine.StaticMeshActor Name:StaticMeshActor_UAID_98FA9BF5C0CDC26301_2034526848 Label:SM_Ramp3 SpatiallyLoaded:1 Bounds:IsValid=true, Min=(X=3045.000 Y=2700.000 Z=0.000), Max=(X=3645.000 Y=3550.000 Z=300.000) RuntimeGrid:None EditorOnly:0 RuntimeOnly:0 HLODRelevant:1 FolderPath:stairs FolderGuid:9C298CD44520A7752E4210BD78219E3D
 |   |   |- Guid:F80621C9446867154938FE81375207DA BaseClass: NativeClass:/Script/Engine.DirectionalLight Name:DirectionalLight_1 Label:DirectionalLight SpatiallyLoaded:0 Bounds:IsValid=true, Min=(X=-1048576.000 Y=-1048576.000 Z=-1048576.000), Max=(X=1048576.000 Y=1048576.000 Z=1048576.000) RuntimeGrid:None EditorOnly:0 RuntimeOnly:0 HLODRelevant:0 FolderPath:Lighting FolderGuid:0BA5F0A04EADB18E70D5B180D08FA34B
 |   |   |- Guid:FAA9DC1B4E232FAA32E340AE85EFA83E BaseClass: NativeClass:/Script/Engine.StaticMeshActor Name:StaticMeshActor_UAID_98FA9BF5C0CDC46301_1322888201 Label:Stairs5 SpatiallyLoaded:1 Bounds:IsValid=true, Min=(X=1650.000 Y=3810.000 Z=0.000), Max=(X=1950.000 Y=4050.000 Z=300.000) RuntimeGrid:None EditorOnly:0 RuntimeOnly:0 HLODRelevant:0 FolderPath:stairs FolderGuid:9C298CD44520A7752E4210BD78219E3D
 |   |   |- Guid:FB97BF7849AD874C12459990A6A50127 BaseClass: NativeClass:/Script/Engine.StaticMeshActor Name:StaticMeshActor_UAID_98FA9BF5C0CDB36301_1563459212 Label:SM_Cube7 SpatiallyLoaded:1 Bounds:IsValid=true, Min=(X=271.567 Y=4608.820 Z=-37.896), Max=(X=371.567 Y=5827.570 Z=612.104) RuntimeGrid:None EditorOnly:0 RuntimeOnly:0 HLODRelevant:1 FolderPath:Playground FolderGuid:6C02BB504B69D1F3D7A624B130C18E5B
 |   |   |- Guid:FDA74CC543727390023BB495BBED2F8A BaseClass: NativeClass:/Script/Engine.StaticMeshActor Name:StaticMeshActor_UAID_98FA9BF5C0CDB36301_1563459211 Label:SM_Cube31 SpatiallyLoaded:1 Bounds:IsValid=true, Min=(X=272.500 Y=4510.000 Z=0.000), Max=(X=910.000 Y=4610.000 Z=650.000) RuntimeGrid:None EditorOnly:0 RuntimeOnly:0 HLODRelevant:1 FolderPath:Playground FolderGuid:6C02BB504B69D1F3D7A624B130C18E5B
 |   |- [+] Clusters:
 |   |   |- [+] [  0]
 |   |   |   |- Guid:93B252C14BF9CD6041C7018B09864638 BaseClass: NativeClass:/Script/Engine.StaticMeshActor Name:StaticMeshActor_UAID_98FA9BF5C0CDAA6301_1994676644 Label:2nd main SpatiallyLoaded:1 Bounds:IsValid=true, Min=(X=-700.000 Y=-900.000 Z=-100.000), Max=(X=500.000 Y=3050.000 Z=1300.000) RuntimeGrid:None EditorOnly:0 RuntimeOnly:0 HLODRelevant:0 FolderPath:main level  FolderGuid:51D05B424724A33EEA7E60BE7307267D
 |   |   |- [+] [  1]
 |   |   |   |- Guid:9113F8E145024B04FA641FA2F73C7DA1 BaseClass: NativeClass:/Script/Engine.StaticMeshActor Name:StaticMeshActor_UAID_98FA9BF5C0CDCA6301_1605722259 Label:CubeGridToolOutput2 SpatiallyLoaded:1 Bounds:IsValid=true, Min=(X=-100.000 Y=1750.000 Z=300.000), Max=(X=400.000 Y=2300.000 Z=1000.000) RuntimeGrid:None EditorOnly:0 RuntimeOnly:0 HLODRelevant:0
 |   |   |- [+] [  2]
 |   |   |   |- Guid:61391D344900612A77DFC3BA3E354907 BaseClass: NativeClass:/Script/Engine.ExponentialHeightFog Name:ExponentialHeightFog_0 Label:ExponentialHeightFog SpatiallyLoaded:0 Bounds:IsValid=true, Min=(X=-5600.000 Y=-50.000 Z=-6850.000), Max=(X=-5600.000 Y=-50.000 Z=-6850.000) RuntimeGrid:None EditorOnly:0 RuntimeOnly:0 HLODRelevant:0 FolderPath:Lighting FolderGuid:0BA5F0A04EADB18E70D5B180D08FA34B
 |   |   |- [+] [  3]
 |   |   |   |- Guid:5FE7584649BB6F09265329A6C57CFD0D BaseClass: NativeClass:/Script/Engine.VolumetricCloud Name:VolumetricCloud_0 Label:VolumetricCloud SpatiallyLoaded:0 Bounds:IsValid=true, Min=(X=0.000 Y=0.000 Z=820.000), Max=(X=0.000 Y=0.000 Z=820.000) RuntimeGrid:None EditorOnly:0 RuntimeOnly:0 HLODRelevant:0 FolderPath:Lighting FolderGuid:0BA5F0A04EADB18E70D5B180D08FA34B
 |   |   |- [+] [  4]
 |   |   |   |- Guid:CA7E5BA146692A0FB20631A7711BF19C BaseClass: NativeClass:/Script/Engine.StaticMeshActor Name:StaticMeshActor_UAID_98FA9BF5C0CDB36301_1355524207 Label:Respwan area+entry 2 SpatiallyLoaded:1 Bounds:IsValid=true, Min=(X=-300.000 Y=3840.000 Z=-50.000), Max=(X=3550.000 Y=6400.000 Z=0.000) RuntimeGrid:None EditorOnly:0 RuntimeOnly:0 HLODRelevant:0 FolderPath:main FolderGuid:4D5375E14B4E590ACFAA96AC075001ED
 |   |   |- [+] [  5]
 |   |   |   |- Guid:F80621C9446867154938FE81375207DA BaseClass: NativeClass:/Script/Engine.DirectionalLight Name:DirectionalLight_1 Label:DirectionalLight SpatiallyLoaded:0 Bounds:IsValid=true, Min=(X=-1048576.000 Y=-1048576.000 Z=-1048576.000), Max=(X=1048576.000 Y=1048576.000 Z=1048576.000) RuntimeGrid:None EditorOnly:0 RuntimeOnly:0 HLODRelevant:0 FolderPath:Lighting FolderGuid:0BA5F0A04EADB18E70D5B180D08FA34B
 |   |   |- [+] [  6]
 |   |   |   |- Guid:28BB5CAF4EEE2980269D3AA5E5B4DDB8 BaseClass: NativeClass:/Script/Engine.StaticMeshActor Name:StaticMeshActor_UAID_98FA9BF5C0CDC66301_1385778558 Label:CubeGridToolOutput3 SpatiallyLoaded:1 Bounds:IsValid=true, Min=(X=450.000 Y=0.000 Z=250.000), Max=(X=2500.000 Y=3000.000 Z=300.000) RuntimeGrid:None EditorOnly:0 RuntimeOnly:0 HLODRelevant:0
 |   |   |- [+] [  7]
 |   |   |   |- Guid:1E04CC294E8D6348E47366B5ADA71EE9 BaseClass: NativeClass:/Script/Engine.StaticMeshActor Name:StaticMeshActor_23 Label:SM_Cube13 SpatiallyLoaded:1 Bounds:IsValid=true, Min=(X=5040.000 Y=2700.000 Z=1150.000), Max=(X=5140.000 Y=2800.000 Z=1350.000) RuntimeGrid:None EditorOnly:0 RuntimeOnly:0 HLODRelevant:1 FolderPath:Block03 FolderGuid:0C5AB36945998C19C9EA9283402A8E02
 |   |   |- [+] [  8]
 |   |   |   |- Guid:21262252453B37957EF29F82ABA2413B BaseClass: NativeClass:/Script/Engine.TextRenderActor Name:TextRenderActor_1 Label:TextRenderActor SpatiallyLoaded:1 Bounds:IsValid=true, Min=(X=-0.100 Y=1100.000 Z=65.013), Max=(X=-0.100 Y=2363.461 Z=215.013) RuntimeGrid:None EditorOnly:0 RuntimeOnly:0 HLODRelevant:0
 |   |   |- [+] [  9]
 |   |   |   |- Guid:6B92B5A6431FB13F494D568A33BADAFA BaseClass: NativeClass:/Script/Engine.StaticMeshActor Name:StaticMeshActor_UAID_98FA9BF5C0CDAA6301_1655926643 Label:Stairs3 SpatiallyLoaded:1 Bounds:IsValid=true, Min=(X=-1.563 Y=-852.500 Z=-270.000), Max=(X=401.563 Y=-447.500 Z=0.000) RuntimeGrid:None EditorOnly:0 RuntimeOnly:0 HLODRelevant:0 FolderPath:stairs FolderGuid:9C298CD44520A7752E4210BD78219E3D
 |   |   |- [+] [ 10]
 |   |   |   |- Guid:8E8A107F4F190EE92D8C6880DE7E2403 BaseClass: NativeClass:/Script/Engine.StaticMeshActor Name:StaticMeshActor_UAID_98FA9BF5C0CDB36301_1563458210 Label:SM_Cube21 SpatiallyLoaded:1 Bounds:IsValid=true, Min=(X=270.000 Y=5840.000 Z=0.000), Max=(X=2720.000 Y=5940.000 Z=650.000) RuntimeGrid:None EditorOnly:0 RuntimeOnly:0 HLODRelevant:1 FolderPath:Playground FolderGuid:6C02BB504B69D1F3D7A624B130C18E5B
 |   |   |- [+] [ 11]
 |   |   |   |- Guid:679C81E04A140CA2556CDE986D56CFE9 BaseClass: NativeClass:/Script/Engine.StaticMeshActor Name:StaticMeshActor_UAID_98FA9BF5C0CDB26301_2014855032 Label:2nd main2 SpatiallyLoaded:1 Bounds:IsValid=true, Min=(X=2450.000 Y=-50.000 Z=-100.000), Max=(X=3650.000 Y=3900.000 Z=1300.000) RuntimeGrid:None EditorOnly:0 RuntimeOnly:0 HLODRelevant:0 FolderPath:main level  FolderGuid:51D05B424724A33EEA7E60BE7307267D
 |   |   |- [+] [ 12]
 |   |   |   |- Guid:5F5F61E8485626C2E11444A275E53585 BaseClass: NativeClass:/Script/Engine.StaticMeshActor Name:StaticMeshActor_6 Label:SM_Ramp2 SpatiallyLoaded:1 Bounds:IsValid=true, Min=(X=-695.000 Y=-550.000 Z=0.000), Max=(X=-95.000 Y=300.000 Z=300.000) RuntimeGrid:None EditorOnly:0 RuntimeOnly:0 HLODRelevant:1 FolderPath:stairs FolderGuid:9C298CD44520A7752E4210BD78219E3D
 |   |   |- [+] [ 13]
 |   |   |   |- Guid:613463E14FA9DC22C14C139BEB0F2C0D BaseClass: NativeClass:/Script/Engine.StaticMeshActor Name:StaticMeshActor_UAID_98FA9BF5C0CDC46301_1392332202 Label:Stairs6 SpatiallyLoaded:1 Bounds:IsValid=true, Min=(X=2548.437 Y=3447.500 Z=-270.000), Max=(X=2951.563 Y=3852.500 Z=0.000) RuntimeGrid:None EditorOnly:0 RuntimeOnly:0 HLODRelevant:0 FolderPath:stairs FolderGuid:9C298CD44520A7752E4210BD78219E3D
 |   |   |- [+] [ 14]
 |   |   |   |- Guid:F4F732044ADEA063A6CB22A75F4CF4E2 BaseClass: NativeClass:/Script/Engine.StaticMeshActor Name:StaticMeshActor_UAID_98FA9BF5C0CDC26301_2034526848 Label:SM_Ramp3 SpatiallyLoaded:1 Bounds:IsValid=true, Min=(X=3045.000 Y=2700.000 Z=0.000), Max=(X=3645.000 Y=3550.000 Z=300.000) RuntimeGrid:None EditorOnly:0 RuntimeOnly:0 HLODRelevant:1 FolderPath:stairs FolderGuid:9C298CD44520A7752E4210BD78219E3D
 |   |   |- [+] [ 15]
 |   |   |   |- Guid:F0A1A51645DE83740D9240AD7D2B74F7 BaseClass: NativeClass:/Script/Engine.StaticMeshActor Name:StaticMeshActor_UAID_98FA9BF5C0CDC76301_1530117735 Label:CubeGridToolOutput4 SpatiallyLoaded:1 Bounds:IsValid=true, Min=(X=450.000 Y=-800.000 Z=300.000), Max=(X=800.000 Y=-100.000 Z=750.000) RuntimeGrid:None EditorOnly:0 RuntimeOnly:0 HLODRelevant:0
 |   |   |- [+] [ 16]
 |   |   |   |- Guid:D38690444383C11A42A1D8B13776B6B6 BaseClass: NativeClass:/Script/Engine.StaticMeshActor Name:StaticMeshActor_UAID_98FA9BF5C0CD776301_1632906661 Label:SM_Cube25 SpatiallyLoaded:1 Bounds:IsValid=true, Min=(X=20.000 Y=-1640.000 Z=0.000), Max=(X=695.000 Y=-1540.000 Z=650.000) RuntimeGrid:None EditorOnly:0 RuntimeOnly:0 HLODRelevant:1 FolderPath:Playground FolderGuid:6C02BB504B69D1F3D7A624B130C18E5B
 |   |   |- [+] [ 17]
 |   |   |   |- Guid:9FF3518B4D93E20AC5F254ABA469F140 BaseClass: NativeClass:/Script/Engine.StaticMeshActor Name:StaticMeshActor_UAID_98FA9BF5C0CDA66301_1157562926 Label:2nd+3rd half SpatiallyLoaded:1 Bounds:IsValid=true, Min=(X=-100.000 Y=-1550.000 Z=-300.000), Max=(X=3000.000 Y=1500.000 Z=1300.000) RuntimeGrid:None EditorOnly:0 RuntimeOnly:0 HLODRelevant:0 FolderPath:main level  FolderGuid:51D05B424724A33EEA7E60BE7307267D
 |   |   |- [+] [ 18]
 |   |   |   |- Guid:FB97BF7849AD874C12459990A6A50127 BaseClass: NativeClass:/Script/Engine.StaticMeshActor Name:StaticMeshActor_UAID_98FA9BF5C0CDB36301_1563459212 Label:SM_Cube7 SpatiallyLoaded:1 Bounds:IsValid=true, Min=(X=271.567 Y=4608.820 Z=-37.896), Max=(X=371.567 Y=5827.570 Z=612.104) RuntimeGrid:None EditorOnly:0 RuntimeOnly:0 HLODRelevant:1 FolderPath:Playground FolderGuid:6C02BB504B69D1F3D7A624B130C18E5B
 |   |   |- [+] [ 19]
 |   |   |   |- Guid:4E83C2C346A86B6AB2777C8B007B9472 BaseClass: NativeClass:/Script/Engine.StaticMeshActor Name:StaticMeshActor_UAID_98FA9BF5C0CD776301_1720966663 Label:SM_Cube27 SpatiallyLoaded:1 Bounds:IsValid=true, Min=(X=1460.000 Y=-1640.000 Z=0.000), Max=(X=1803.750 Y=-1540.000 Z=650.000) RuntimeGrid:None EditorOnly:0 RuntimeOnly:0 HLODRelevant:1 FolderPath:Playground FolderGuid:6C02BB504B69D1F3D7A624B130C18E5B
 |   |   |- [+] [ 20]
 |   |   |   |- Guid:E8C0736F4FDEB31BA3D9AAA46A34B41F BaseClass: NativeClass:/Script/Engine.StaticMeshActor Name:StaticMeshActor_UAID_98FA9BF5C0CD766301_1833777475 Label:SM_Cube17 SpatiallyLoaded:1 Bounds:IsValid=true, Min=(X=240.000 Y=-2930.000 Z=0.000), Max=(X=2690.000 Y=-2830.000 Z=650.000) RuntimeGrid:None EditorOnly:0 RuntimeOnly:0 HLODRelevant:1 FolderPath:Playground FolderGuid:6C02BB504B69D1F3D7A624B130C18E5B
 |   |   |- [+] [ 21]
 |   |   |   |- Guid:EE66F4454A4A9F99393F559AB739C05E BaseClass:/Game/FirstPerson/Blueprints/BP_Pickup_Rifle.BP_Pickup_Rifle_C NativeClass:/Script/Engine.Actor Name:BP_Rifle_C_1 Label:BP_Pickup_Rifle SpatiallyLoaded:1 Bounds:IsValid=true, Min=(X=1608.000 Y=-2532.000 Z=64.000), Max=(X=1672.000 Y=-2442.560 Z=128.000) RuntimeGrid:None EditorOnly:0 RuntimeOnly:0 HLODRelevant:0
 |   |   |- [+] [ 22]
 |   |   |   |- Guid:7D62CD3D479BFB8CD19B998D77A9BF5D BaseClass: NativeClass:/Script/Engine.StaticMeshActor Name:StaticMeshActor_33 Label:SM_Cube14 SpatiallyLoaded:1 Bounds:IsValid=true, Min=(X=5740.000 Y=2700.000 Z=1150.000), Max=(X=5840.000 Y=2800.000 Z=1350.000) RuntimeGrid:None EditorOnly:0 RuntimeOnly:0 HLODRelevant:1 FolderPath:Block03 FolderGuid:0C5AB36945998C19C9EA9283402A8E02
 |   |   |- [+] [ 23]
 |   |   |   |- Guid:7C25C89346DA6501B62FD19DD21D6446 BaseClass: NativeClass:/Script/Engine.StaticMeshActor Name:StaticMeshActor_UAID_98FA9BF5C0CDB36301_1563460213 Label:SM_Cube22 SpatiallyLoaded:1 Bounds:IsValid=true, Min=(X=2581.567 Y=4647.570 Z=-37.896), Max=(X=2681.567 Y=5847.570 Z=612.104) RuntimeGrid:None EditorOnly:0 RuntimeOnly:0 HLODRelevant:1 FolderPath:Playground FolderGuid:6C02BB504B69D1F3D7A624B130C18E5B
 |   |   |- [+] [ 24]
 |   |   |   |- Guid:9DC439ED448C37589E435FB9BE76DA73 BaseClass: NativeClass:/Script/Engine.StaticMeshActor Name:StaticMeshActor_UAID_98FA9BF5C0CDC26301_1461624847 Label:hallway2 SpatiallyLoaded:1 Bounds:IsValid=true, Min=(X=-50.000 Y=2290.000 Z=250.000), Max=(X=550.000 Y=3690.000 Z=1000.000) RuntimeGrid:None EditorOnly:0 RuntimeOnly:0 HLODRelevant:0 FolderPath:main FolderGuid:4D5375E14B4E590ACFAA96AC075001ED
 |   |   |- [+] [ 25]
 |   |   |   |- Guid:E5320C1B4FD9764CE7B54D8487AEC613 BaseClass: NativeClass:/Script/Engine.SkyLight Name:SkyLight_0 Label:SkyLight SpatiallyLoaded:0 Bounds:IsValid=true, Min=(X=0.000 Y=0.000 Z=690.000), Max=(X=0.000 Y=0.000 Z=690.000) RuntimeGrid:None EditorOnly:0 RuntimeOnly:0 HLODRelevant:0 FolderPath:Lighting FolderGuid:0BA5F0A04EADB18E70D5B180D08FA34B
 |   |   |- [+] [ 26]
 |   |   |   |- Guid:C4570F7547E76A107975D084F2FD931D BaseClass: NativeClass:/Script/Engine.StaticMeshActor Name:StaticMeshActor_UAID_98FA9BF5C0CDCA6301_1308236258 Label:CubeGridToolOutput6 SpatiallyLoaded:1 Bounds:IsValid=true, Min=(X=-700.000 Y=-1050.000 Z=-250.000), Max=(X=-50.000 Y=4050.000 Z=1050.000) RuntimeGrid:None EditorOnly:0 RuntimeOnly:0 HLODRelevant:0
 |   |   |- [+] [ 27]
 |   |   |   |- Guid:6198DFE04D11BDEAC638CA8D1AA15F56 BaseClass: NativeClass:/Script/Engine.StaticMeshActor Name:StaticMeshActor_21 Label:SM_QuarterCylinder4 SpatiallyLoaded:1 Bounds:IsValid=true, Min=(X=5040.000 Y=2600.000 Z=1150.000), Max=(X=5140.000 Y=2700.000 Z=1350.000) RuntimeGrid:None EditorOnly:0 RuntimeOnly:0 HLODRelevant:1 FolderPath:Block03 FolderGuid:0C5AB36945998C19C9EA9283402A8E02
 |   |   |- [+] [ 28]
 |   |   |   |- Guid:76D1458544E267EC222108A3214AAFFB BaseClass: NativeClass:/Script/Engine.StaticMeshActor Name:StaticMeshActor_UAID_98FA9BF5C0CD776301_1689908662 Label:SM_Cube26 SpatiallyLoaded:1 Bounds:IsValid=true, Min=(X=2100.000 Y=-1600.000 Z=0.000), Max=(X=2750.000 Y=-1500.000 Z=650.000) RuntimeGrid:None EditorOnly:0 RuntimeOnly:0 HLODRelevant:1 FolderPath:Playground FolderGuid:6C02BB504B69D1F3D7A624B130C18E5B
 |   |   |- [+] [ 29]
 |   |   |   |- Guid:09EB01FE4C96A434E7561793BD6770E5 BaseClass: NativeClass:/Script/Engine.StaticMeshActor Name:StaticMeshActor_22 Label:SM_QuarterCylinder5 SpatiallyLoaded:1 Bounds:IsValid=true, Min=(X=5040.000 Y=2800.000 Z=1150.000), Max=(X=5140.000 Y=2900.000 Z=1350.000) RuntimeGrid:None EditorOnly:0 RuntimeOnly:0 HLODRelevant:1 FolderPath:Block03 FolderGuid:0C5AB36945998C19C9EA9283402A8E02
 |   |   |- [+] [ 30]
 |   |   |   |- Guid:B4B79A3843F8C09301E1F99BDF616576 BaseClass: NativeClass:/Script/Engine.StaticMeshActor Name:StaticMeshActor_41 Label:SM_Ramp4 SpatiallyLoaded:1 Bounds:IsValid=true, Min=(X=-1920.000 Y=1500.000 Z=790.000), Max=(X=-820.000 Y=1600.000 Z=990.000) RuntimeGrid:None EditorOnly:0 RuntimeOnly:0 HLODRelevant:1 FolderPath:Block04 FolderGuid:D00C3F324D055BED943FA6B0235C7FA2
 |   |   |- [+] [ 31]
 |   |   |   |- Guid:B766AC814E05E7E57C52249FCDA5339E BaseClass: NativeClass:/Script/Engine.StaticMeshActor Name:StaticMeshActor_UAID_98FA9BF5C0CDB36301_1563455208 Label:SM_Cube29 SpatiallyLoaded:1 Bounds:IsValid=true, Min=(X=2336.875 Y=4550.000 Z=0.000), Max=(X=2940.000 Y=4650.000 Z=650.000) RuntimeGrid:None EditorOnly:0 RuntimeOnly:0 HLODRelevant:1 FolderPath:Playground FolderGuid:6C02BB504B69D1F3D7A624B130C18E5B
 |   |   |- [+] [ 32]
 |   |   |   |- Guid:5E4DD6E0404B2561C1B9E1BEB86829DF BaseClass: NativeClass:/Script/Engine.StaticMeshActor Name:StaticMeshActor_UAID_98FA9BF5C0CDA66301_1307236928 Label:Respwan area+entry 1 SpatiallyLoaded:1 Bounds:IsValid=true, Min=(X=-650.000 Y=-3400.000 Z=-50.000), Max=(X=3200.000 Y=-840.000 Z=0.000) RuntimeGrid:None EditorOnly:0 RuntimeOnly:0 HLODRelevant:0 FolderPath:main level  FolderGuid:51D05B424724A33EEA7E60BE7307267D
 |   |   |- [+] [ 33]
 |   |   |   |- Guid:A354B1B24E617A525DC6B48CCDE2417E BaseClass: NativeClass:/Script/Engine.PlayerStart Name:PlayerStart_0 Label:PlayerStart SpatiallyLoaded:0 Bounds:IsValid=true, Min=(X=880.000 Y=-2390.000 Z=0.000), Max=(X=960.000 Y=-2310.000 Z=184.000) RuntimeGrid:None EditorOnly:0 RuntimeOnly:0 HLODRelevant:0
 |   |   |- [+] [ 34]
 |   |   |   |- Guid:CE576EE842F995A9D4F1D19632F3B77F BaseClass: NativeClass:/Script/Engine.StaticMeshActor Name:StaticMeshActor_UAID_98FA9BF5C0CDAC6301_2060378999 Label:Stairs4 SpatiallyLoaded:1 Bounds:IsValid=true, Min=(X=1140.625 Y=-2333.457 Z=-5.543), Max=(X=1459.375 Y=-1463.739 Z=719.296) RuntimeGrid:None EditorOnly:0 RuntimeOnly:0 HLODRelevant:0 FolderPath:stairs FolderGuid:9C298CD44520A7752E4210BD78219E3D
 |   |   |- [+] [ 35]
 |   |   |   |- Guid:057120CD45ACFB0F43B3928F1A96EBA9 BaseClass: NativeClass:/Script/Engine.StaticMeshActor Name:StaticMeshActor_UAID_98FA9BF5C0CDC96301_2040078081 Label:CubeGridToolOutput5 SpatiallyLoaded:1 Bounds:IsValid=true, Min=(X=2140.000 Y=3090.000 Z=300.000), Max=(X=2490.000 Y=3790.000 Z=750.000) RuntimeGrid:None EditorOnly:0 RuntimeOnly:0 HLODRelevant:0
 |   |   |- [+] [ 36]
 |   |   |   |- Guid:DD1CFEFE4099E55F26EC979CEFB5237A BaseClass: NativeClass:/Script/Engine.StaticMeshActor Name:StaticMeshActor_UAID_98FA9BF5C0CD7A6301_1103579177 Label:StaticMeshActor SpatiallyLoaded:1 Bounds:IsValid=true, Min=(X=3090.000 Y=-390.000 Z=700.000), Max=(X=3090.000 Y=-390.000 Z=700.000) RuntimeGrid:None EditorOnly:0 RuntimeOnly:0 HLODRelevant:0
 |   |   |- [+] [ 37]
 |   |   |   |- Guid:35A0C3344CDA5AA8A0AD41853299D3EE BaseClass: NativeClass:/Script/Engine.StaticMeshActor Name:StaticMeshActor_32 Label:SM_QuarterCylinder8 SpatiallyLoaded:1 Bounds:IsValid=true, Min=(X=5740.000 Y=2600.000 Z=1150.000), Max=(X=5840.000 Y=2700.000 Z=1350.000) RuntimeGrid:None EditorOnly:0 RuntimeOnly:0 HLODRelevant:1 FolderPath:Block03 FolderGuid:0C5AB36945998C19C9EA9283402A8E02
 |   |   |- [+] [ 38]
 |   |   |   |- Guid:92B3F9C347C268347AA620AA591B7483 BaseClass: NativeClass:/Script/Engine.StaticMeshActor Name:StaticMeshActor_31 Label:SM_QuarterCylinder7 SpatiallyLoaded:1 Bounds:IsValid=true, Min=(X=5740.000 Y=2800.000 Z=1150.000), Max=(X=5840.000 Y=2900.000 Z=1350.000) RuntimeGrid:None EditorOnly:0 RuntimeOnly:0 HLODRelevant:1 FolderPath:Block03 FolderGuid:0C5AB36945998C19C9EA9283402A8E02
 |   |   |- [+] [ 39]
 |   |   |   |- Guid:C32AE4DE4D7967D1B19C8492D9C4AA36 BaseClass: NativeClass:/Script/Engine.StaticMeshActor Name:StaticMeshActor_16 Label:SM_Cube11 SpatiallyLoaded:1 Bounds:IsValid=true, Min=(X=5140.000 Y=2600.000 Z=1150.000), Max=(X=5740.000 Y=2900.000 Z=1350.000) RuntimeGrid:None EditorOnly:0 RuntimeOnly:0 HLODRelevant:1 FolderPath:Block03 FolderGuid:0C5AB36945998C19C9EA9283402A8E02
 |   |   |- [+] [ 40]
 |   |   |   |- Guid:FDA74CC543727390023BB495BBED2F8A BaseClass: NativeClass:/Script/Engine.StaticMeshActor Name:StaticMeshActor_UAID_98FA9BF5C0CDB36301_1563459211 Label:SM_Cube31 SpatiallyLoaded:1 Bounds:IsValid=true, Min=(X=272.500 Y=4510.000 Z=0.000), Max=(X=910.000 Y=4610.000 Z=650.000) RuntimeGrid:None EditorOnly:0 RuntimeOnly:0 HLODRelevant:1 FolderPath:Playground FolderGuid:6C02BB504B69D1F3D7A624B130C18E5B
 |   |   |- [+] [ 41]
 |   |   |   |- Guid:0EDB289B45CB7E0977A6DBA74201EE76 BaseClass: NativeClass:/Script/Engine.StaticMeshActor Name:StaticMeshActor_10 Label:SM_Cube6 SpatiallyLoaded:1 Bounds:IsValid=true, Min=(X=2588.433 Y=-2817.570 Z=-37.896), Max=(X=2688.433 Y=-1598.820 Z=612.104) RuntimeGrid:None EditorOnly:0 RuntimeOnly:0 HLODRelevant:1 FolderPath:Playground FolderGuid:6C02BB504B69D1F3D7A624B130C18E5B
 |   |   |- [+] [ 42]
 |   |   |   |- Guid:3FE3BE7C4D61995BA37EFAB468F6912D BaseClass: NativeClass:/Script/Engine.StaticMeshActor Name:StaticMeshActor_UAID_98FA9BF5C0CDC96301_1433078080 Label:Stairs8 SpatiallyLoaded:1 Bounds:IsValid=true, Min=(X=995.000 Y=995.000 Z=-260.000), Max=(X=1445.000 Y=1145.000 Z=302.500) RuntimeGrid:None EditorOnly:0 RuntimeOnly:0 HLODRelevant:0
 |   |   |- [+] [ 43]
 |   |   |   |- Guid:5253882148B18E56A4EC429DEF997ED8 BaseClass: NativeClass:/Script/Engine.StaticMeshActor Name:StaticMeshActor_UAID_98FA9BF5C0CDB36301_1563457209 Label:SM_Cube30 SpatiallyLoaded:1 Bounds:IsValid=true, Min=(X=1196.875 Y=4550.000 Z=0.000), Max=(X=1500.000 Y=4650.000 Z=650.000) RuntimeGrid:None EditorOnly:0 RuntimeOnly:0 HLODRelevant:1 FolderPath:Playground FolderGuid:6C02BB504B69D1F3D7A624B130C18E5B
 |   |   |- [+] [ 44]
 |   |   |   |- Guid:12D7C4A2486F3505C8B59C8E9E31B74D BaseClass: NativeClass:/Script/Engine.StaticMeshActor Name:StaticMeshActor_UAID_98FA9BF5C0CDA96301_1821334465 Label:Stairs2 SpatiallyLoaded:1 Bounds:IsValid=true, Min=(X=1000.000 Y=-1040.000 Z=0.000), Max=(X=1300.000 Y=-800.000 Z=300.000) RuntimeGrid:None EditorOnly:0 RuntimeOnly:0 HLODRelevant:0 FolderPath:stairs FolderGuid:9C298CD44520A7752E4210BD78219E3D
 |   |   |- [+] [ 45]
 |   |   |   |- Guid:FAA9DC1B4E232FAA32E340AE85EFA83E BaseClass: NativeClass:/Script/Engine.StaticMeshActor Name:StaticMeshActor_UAID_98FA9BF5C0CDC46301_1322888201 Label:Stairs5 SpatiallyLoaded:1 Bounds:IsValid=true, Min=(X=1650.000 Y=3810.000 Z=0.000), Max=(X=1950.000 Y=4050.000 Z=300.000) RuntimeGrid:None EditorOnly:0 RuntimeOnly:0 HLODRelevant:0 FolderPath:stairs FolderGuid:9C298CD44520A7752E4210BD78219E3D
 |   |   |- [+] [ 46]
 |   |   |   |- Guid:C22CE07C4B87D685137FDBBC10FC92C6 BaseClass: NativeClass:/Script/Engine.SkyAtmosphere Name:SkyAtmosphere_0 Label:SkyAtmosphere SpatiallyLoaded:0 Bounds:IsValid=true, Min=(X=0.000 Y=0.000 Z=1020.000), Max=(X=0.000 Y=0.000 Z=1020.000) RuntimeGrid:None EditorOnly:0 RuntimeOnly:0 HLODRelevant:0 FolderPath:Lighting FolderGuid:0BA5F0A04EADB18E70D5B180D08FA34B
 |   |   |- [+] [ 47]
 |   |   |   |- Guid:EC0830684F5CCE03807B45AE63E5E668 BaseClass: NativeClass:/Script/Engine.StaticMeshActor Name:StaticMeshActor_UAID_98FA9BF5C0CD776301_1602547660 Label:SM_Cube18 SpatiallyLoaded:1 Bounds:IsValid=true, Min=(X=278.433 Y=-2837.570 Z=-37.896), Max=(X=378.433 Y=-1637.570 Z=612.104) RuntimeGrid:None EditorOnly:0 RuntimeOnly:0 HLODRelevant:1 FolderPath:Playground FolderGuid:6C02BB504B69D1F3D7A624B130C18E5B
 |   |   |- [+] [ 48]
 |   |   |   |- Guid:1A2273924B2420A6F2BACC94CA2D4662 BaseClass: NativeClass:/Script/Engine.StaticMeshActor Name:StaticMeshActor_UAID_98FA9BF5C0CDB36301_1563461214 Label:SM_Cube32 SpatiallyLoaded:1 Bounds:IsValid=true, Min=(X=1815.000 Y=4550.000 Z=0.000), Max=(X=2040.000 Y=4650.000 Z=650.000) RuntimeGrid:None EditorOnly:0 RuntimeOnly:0 HLODRelevant:1 FolderPath:Playground FolderGuid:6C02BB504B69D1F3D7A624B130C18E5B
 |   |   |- [+] [ 49]
 |   |   |   |- Guid:6FEFB3BD4EB37B849EF0D4AC80F83855 BaseClass: NativeClass:/Script/Engine.WorldDataLayers Name:WorldDataLayers Label:WorldDataLayers SpatiallyLoaded:0 Bounds:IsValid=true, Min=(X=0.000 Y=0.000 Z=0.000), Max=(X=0.000 Y=0.000 Z=0.000) RuntimeGrid:None EditorOnly:0 RuntimeOnly:0 HLODRelevant:0
 |   |   |- [+] [ 50]
 |   |   |   |- Guid:5DD8B8CA4849B6B7632FAF89FA883C99 BaseClass: NativeClass:/Script/Engine.StaticMeshActor Name:StaticMeshActor_UAID_98FA9BF5C0CDC96301_1359628079 Label:Stairs SpatiallyLoaded:1 Bounds:IsValid=true, Min=(X=1565.000 Y=1845.000 Z=-260.000), Max=(X=2015.000 Y=1995.000 Z=302.500) RuntimeGrid:None EditorOnly:0 RuntimeOnly:0 HLODRelevant:0
 |   |   |- [+] [ 51]
 |   |   |   |- Guid:961B0C23479DB55F8BA4B8AB587CA167 BaseClass: NativeClass:/Script/Engine.StaticMeshActor Name:StaticMeshActor_UAID_98FA9BF5C0CDA66301_1841727929 Label:hallway SpatiallyLoaded:1 Bounds:IsValid=true, Min=(X=2400.000 Y=-700.000 Z=250.000), Max=(X=3000.000 Y=700.000 Z=1000.000) RuntimeGrid:None EditorOnly:0 RuntimeOnly:0 HLODRelevant:0 FolderPath:main level  FolderGuid:51D05B424724A33EEA7E60BE7307267D
 |   |   |- [+] [ 52]
 |   |   |   |- Guid:1A5E384143BC3FB08D279F843727BCBA BaseClass: NativeClass:/Script/Engine.StaticMeshActor Name:StaticMeshActor_UAID_98FA9BF5C0CDB26301_1605852031 Label:2nd+3rd half2 SpatiallyLoaded:1 Bounds:IsValid=true, Min=(X=-50.000 Y=1490.000 Z=-300.000), Max=(X=3050.000 Y=4540.000 Z=1300.000) RuntimeGrid:None EditorOnly:0 RuntimeOnly:0 HLODRelevant:0 FolderPath:main level  FolderGuid:51D05B424724A33EEA7E60BE7307267D
 |   |   |- [+] [ 53]
 |   |   |   |- Guid:7C166F1A47FAB654180D14A9B0524695 BaseClass: NativeClass:/Script/Engine.StaticMeshActor Name:StaticMeshActor_UAID_98FA9BF5C0CDAA6301_1113794642 Label:SM_Cube28 SpatiallyLoaded:1 Bounds:IsValid=true, Min=(X=920.000 Y=-1640.000 Z=0.000), Max=(X=1145.000 Y=-1540.000 Z=650.000) RuntimeGrid:None EditorOnly:0 RuntimeOnly:0 HLODRelevant:1 FolderPath:Playground FolderGuid:6C02BB504B69D1F3D7A624B130C18E5B
 |   |   |- [+] [ 54]
 |   |   |   |- Guid:BE0E742344D69F3BE6883B9546BAE667 BaseClass: NativeClass:/Script/Engine.StaticMeshActor Name:StaticMeshActor_UAID_98FA9BF5C0CDCA6301_1850758260 Label:CubeGridToolOutput7 SpatiallyLoaded:1 Bounds:IsValid=true, Min=(X=2510.000 Y=700.000 Z=300.000), Max=(X=3010.000 Y=1250.000 Z=1000.000) RuntimeGrid:None EditorOnly:0 RuntimeOnly:0 HLODRelevant:0
 |   |   |- [+] [ 55]
 |   |   |   |- Guid:BF4AB80340F22D1856BA32AEA42D55CE BaseClass: NativeClass:/Script/Engine.StaticMeshActor Name:StaticMeshActor_UAID_98FA9BF5C0CDCB6301_1654294439 Label:CubeGridToolOutput9 SpatiallyLoaded:1 Bounds:IsValid=true, Min=(X=1000.000 Y=1150.000 Z=300.000), Max=(X=1400.000 Y=1400.000 Z=500.000) RuntimeGrid:None EditorOnly:0 RuntimeOnly:0 HLODRelevant:0
 |   |   |- [+] [ 56]
 |   |   |   |- Guid:7AFEB06C462DE12E8130D8A91B59AE58 BaseClass: NativeClass:/Script/Engine.StaticMeshActor Name:StaticMeshActor_UAID_98FA9BF5C0CDCB6301_1632661438 Label:CubeGridToolOutput SpatiallyLoaded:1 Bounds:IsValid=true, Min=(X=1300.000 Y=1600.000 Z=300.000), Max=(X=1700.000 Y=1850.000 Z=500.000) RuntimeGrid:None EditorOnly:0 RuntimeOnly:0 HLODRelevant:0
 |   |   |- [+] [ 57]
 |   |   |   |- Guid:1C9E27964F4B4C25B6D70D84579E43BE BaseClass: NativeClass:/Script/Engine.StaticMeshActor Name:StaticMeshActor_UAID_98FA9BF5C0CDCB6301_1187851437 Label:CubeGridToolOutput8 SpatiallyLoaded:1 Bounds:IsValid=true, Min=(X=3010.000 Y=-1550.000 Z=-250.000), Max=(X=3660.000 Y=3550.000 Z=1050.000) RuntimeGrid:None EditorOnly:0 RuntimeOnly:0 HLODRelevant:0
 |   |   |- [+] [ 58]
 |   |   |   |- Guid:87DD00754E2413F17F0DC082AF81EFDE BaseClass: NativeClass:/Script/Engine.StaticMeshActor Name:StaticMeshActor_UAID_98FA9BF5C0CDCD6301_1668172794 Label:CubeGridToolOutput10 SpatiallyLoaded:1 Bounds:IsValid=true, Min=(X=2020.000 Y=1240.000 Z=300.000), Max=(X=2501.250 Y=1640.000 Z=1000.000) RuntimeGrid:None EditorOnly:0 RuntimeOnly:0 HLODRelevant:0
 |   |   |- [+] [ 59]
 |   |   |   |- Guid:08E4049E4EBC85E52D4479A6B3E582C8 BaseClass: NativeClass:/Script/Engine.StaticMeshActor Name:StaticMeshActor_UAID_98FA9BF5C0CDCD6301_1669519795 Label:CubeGridToolOutput11 SpatiallyLoaded:1 Bounds:IsValid=true, Min=(X=378.750 Y=1360.000 Z=300.000), Max=(X=860.000 Y=1760.000 Z=1000.000) RuntimeGrid:None EditorOnly:0 RuntimeOnly:0 HLODRelevant:0
 |   |   |- [+] [ 60]
 |   |   |   |- Guid:34FDE3EC4B0847E27D8D58A94FA6C441 BaseClass: NativeClass:/Script/Engine.StaticMeshActor Name:StaticMeshActor_UAID_98FA9BF5C0CDCD6301_1956084796 Label:CubeGridToolOutput SpatiallyLoaded:1 Bounds:IsValid=true, Min=(X=650.000 Y=280.000 Z=-250.000), Max=(X=900.000 Y=430.000 Z=250.000) RuntimeGrid:None EditorOnly:0 RuntimeOnly:0 HLODRelevant:0
 |   |   |- [+] [ 61]
 |   |   |   |- Guid:3FFF9A6340A269C45740C7BCDB5D7C81 BaseClass: NativeClass:/Script/Engine.StaticMeshActor Name:StaticMeshActor_UAID_98FA9BF5C0CDCD6301_2005978797 Label:CubeGridToolOutput2 SpatiallyLoaded:1 Bounds:IsValid=true, Min=(X=2040.000 Y=2520.000 Z=-250.000), Max=(X=2290.000 Y=2670.000 Z=250.000) RuntimeGrid:None EditorOnly:0 RuntimeOnly:0 HLODRelevant:0
 |   |   |- [+] [ 62]
 |   |   |   |- Guid:1A39815241616A15488B6EAB2D78965C BaseClass: NativeClass:/Script/Engine.StaticMeshActor Name:StaticMeshActor_UAID_98FA9BF5C0CDCD6301_2140186798 Label:CubeGridToolOutput5 SpatiallyLoaded:1 Bounds:IsValid=true, Min=(X=990.000 Y=1970.000 Z=-250.000), Max=(X=1390.000 Y=2270.000 Z=0.000) RuntimeGrid:None EditorOnly:0 RuntimeOnly:0 HLODRelevant:0
 |   |   |- [+] [ 63]
 |   |   |   |- Guid:E638EEAF4B7A00325D5C42B563E353B5 BaseClass: NativeClass:/Script/Engine.StaticMeshActor Name:StaticMeshActor_UAID_98FA9BF5C0CDCE6301_1080154975 Label:CubeGridToolOutput6 SpatiallyLoaded:1 Bounds:IsValid=true, Min=(X=1510.000 Y=870.000 Z=-250.000), Max=(X=1910.000 Y=1170.000 Z=0.000) RuntimeGrid:None EditorOnly:0 RuntimeOnly:0 HLODRelevant:0
 |   |   |- [+] [ 64]
 |   |   |   |- Guid:C00E321D4A8F05B7BE79C3868C09AFCD BaseClass: NativeClass:/Script/Engine.StaticMeshActor Name:StaticMeshActor_UAID_98FA9BF5C0CDCE6301_1153868976 Label:CubeGridToolOutput7 SpatiallyLoaded:1 Bounds:IsValid=true, Min=(X=380.000 Y=1300.000 Z=-250.000), Max=(X=630.000 Y=1450.000 Z=250.000) RuntimeGrid:None EditorOnly:0 RuntimeOnly:0 HLODRelevant:0
 |   |   |- [+] [ 65]
 |   |   |   |- Guid:27FA24654B1269D1A493DFA128C546AE BaseClass: NativeClass:/Script/Engine.StaticMeshActor Name:StaticMeshActor_UAID_98FA9BF5C0CDCE6301_1192329977 Label:CubeGridToolOutput8 SpatiallyLoaded:1 Bounds:IsValid=true, Min=(X=2370.000 Y=690.000 Z=-250.000), Max=(X=2620.000 Y=840.000 Z=250.000) RuntimeGrid:None EditorOnly:0 RuntimeOnly:0 HLODRelevant:0
 |   |   |- [+] [ 66]
 |   |   |   |- Guid:1C2648DB49D838529921ABA0A8E6A74F BaseClass: NativeClass:/Script/Engine.StaticMeshActor Name:StaticMeshActor_UAID_98FA9BF5C0CDCE6301_1231300978 Label:CubeGridToolOutput9 SpatiallyLoaded:1 Bounds:IsValid=true, Min=(X=2030.000 Y=-90.000 Z=-250.000), Max=(X=2430.000 Y=210.000 Z=0.000) RuntimeGrid:None EditorOnly:0 RuntimeOnly:0 HLODRelevant:0
 |   |   |- [+] [ 67]
 |   |   |   |- Guid:A0085CED4723B0F3A6A0B9852AAF7B72 BaseClass: NativeClass:/Script/Engine.StaticMeshActor Name:StaticMeshActor_UAID_98FA9BF5C0CDCE6301_1250016979 Label:CubeGridToolOutput12 SpatiallyLoaded:1 Bounds:IsValid=true, Min=(X=170.000 Y=2790.000 Z=-250.000), Max=(X=570.000 Y=3090.000 Z=0.000) RuntimeGrid:None EditorOnly:0 RuntimeOnly:0 HLODRelevant:0
 |- ContainerInstances:
 |- [+] MainContainer:
 |   |-        ID: 0x0000000000000000
 |   |-    Bounds: IsValid=false, Min=(X=0.000 Y=0.000 Z=0.000), Max=(X=0.000 Y=0.000 Z=0.000)
 |   |- Transform: 0.000000,0.000000,0.000000|0.000000,0.000000,-0.000000|1.000000,1.000000,1.000000
 |   |- Container: /Game/FirstPerson/Maps/FirstPersonMap
----------------------------------------------------------------------------------------------------------------
FirstPersonMap - Persistent Level
----------------------------------------------------------------------------------------------------------------
Always loaded Actor Count: 77 

----------------------------------------------------------------------------------------------------------------
FirstPersonMap - Runtime Spatial Hash - Streaming Grid - MainGrid
----------------------------------------------------------------------------------------------------------------
            Origin: X=0.000 Y=0.000 Z=0.000
         Cell Size: 12800
      World Bounds: IsValid=false, Min=(X=0.000 Y=0.000 Z=0.000), Max=(X=0.000 Y=0.000 Z=0.000)
     Loading Range: 25600.00
Block Slow Loading: No
 ClientOnlyVisible: No

[+] Grid Levels: 1
 |- Level  0: Cell Count    0 | Cell Size   12800 | Actor Count    0 (0.0%)

[+] Content of Grid Level 0

